android/app/build/intermediates/manifest_merge_blame_file/debug/manifest-merger-blame-debug-report.txt
1<?xml version="1.0" encoding="utf-8"?>
2<manifest xmlns:android="http://schemas.android.com/apk/res/android"
3    package="com.foodfinder"
4    android:versionCode="1"
5    android:versionName="1.0" >
6
7    <uses-sdk
8        android:minSdkVersion="16"
9        android:targetSdkVersion="28" />
10
11    <uses-permission android:name="android.permission.SYSTEM_ALERT_WINDOW" />
11-->src/debug/AndroidManifest.xml:5:5-77
11-->src/debug/AndroidManifest.xml:5:22-75
12    <uses-permission android:name="android.permission.INTERNET" />
12-->src/main/AndroidManifest.xml:4:5-67
12-->src/main/AndroidManifest.xml:4:22-64
13    <uses-permission android:name="android.permission.CAMERA" />
13-->src/main/AndroidManifest.xml:5:5-64
13-->src/main/AndroidManifest.xml:5:22-62
14
15    <uses-feature
15-->src/main/AndroidManifest.xml:6:5-85
16        android:name="android.hardware.camera"
16-->src/main/AndroidManifest.xml:6:19-57
17        android:required="false" />
17-->src/main/AndroidManifest.xml:6:58-82
18    <uses-feature
18-->src/main/AndroidManifest.xml:7:5-91
19        android:name="android.hardware.camera.front"
19-->src/main/AndroidManifest.xml:7:19-63
20        android:required="false" />
20-->src/main/AndroidManifest.xml:7:64-88
21
22    <uses-permission android:name="android.permission.ACCESS_WIFI_STATE" />
22-->[com.facebook.flipper:flipper:0.33.1] AndroidManifest.xml:16:5-76
22-->[com.facebook.flipper:flipper:0.33.1] AndroidManifest.xml:16:22-73
23    <uses-permission android:name="android.permission.WRITE_EXTERNAL_STORAGE" />
23-->[:react-native-image-crop-picker] AndroidManifest.xml:10:5-81
23-->[:react-native-image-crop-picker] AndroidManifest.xml:10:22-78
24    <uses-permission android:name="android.permission.ACCESS_COARSE_LOCATION" /> <!-- Include required permissions for Google Maps API to run. -->
24-->[:react-native-maps] AndroidManifest.xml:10:5-81
24-->[:react-native-maps] AndroidManifest.xml:10:22-78
25    <uses-permission android:name="android.permission.ACCESS_NETWORK_STATE" />
25-->[com.google.android.gms:play-services-maps:17.0.0] AndroidManifest.xml:23:5-79
25-->[com.google.android.gms:play-services-maps:17.0.0] AndroidManifest.xml:23:22-76
26
27    <uses-feature
27-->[com.google.android.gms:play-services-maps:17.0.0] AndroidManifest.xml:26:5-28:35
28        android:glEsVersion="0x00020000"
28-->[com.google.android.gms:play-services-maps:17.0.0] AndroidManifest.xml:27:9-41
29        android:required="true" />
29-->[com.google.android.gms:play-services-maps:17.0.0] AndroidManifest.xml:28:9-32
30
31    <application
31-->src/main/AndroidManifest.xml:9:5-32:19
32        android:name="com.foodfinder.MainApplication"
32-->src/main/AndroidManifest.xml:10:7-38
33        android:allowBackup="false"
33-->src/main/AndroidManifest.xml:14:7-34
34        android:appComponentFactory="androidx.core.app.CoreComponentFactory"
34-->[androidx.core:core:1.1.0] AndroidManifest.xml:24:18-86
35        android:debuggable="true"
36        android:icon="@mipmap/ic_launcher"
36-->src/main/AndroidManifest.xml:12:7-41
37        android:label="@string/app_name"
37-->src/main/AndroidManifest.xml:11:7-39
38        android:roundIcon="@mipmap/ic_launcher_round"
38-->src/main/AndroidManifest.xml:13:7-52
39        android:theme="@style/AppTheme"
39-->src/main/AndroidManifest.xml:15:7-38
40        android:usesCleartextTraffic="true" > <!-- You will only need to add this meta-data tag, but make sure it's a child of application -->
40-->src/debug/AndroidManifest.xml:7:18-53
41        <meta-data
41-->src/main/AndroidManifest.xml:17:5-19:37
42            android:name="com.google.android.geo.API_KEY"
42-->src/main/AndroidManifest.xml:18:7-52
43            android:value="YOUR_API_KEY" />
43-->src/main/AndroidManifest.xml:19:7-35
44
45        <activity
45-->src/main/AndroidManifest.xml:20:7-30:18
46            android:name="com.foodfinder.MainActivity"
46-->src/main/AndroidManifest.xml:21:9-37
47            android:configChanges="keyboard|keyboardHidden|orientation|screenSize|uiMode"
47-->src/main/AndroidManifest.xml:23:9-86
48            android:label="@string/app_name"
48-->src/main/AndroidManifest.xml:22:9-41
49            android:launchMode="singleTask"
49-->src/main/AndroidManifest.xml:24:9-40
50            android:windowSoftInputMode="adjustResize" >
50-->src/main/AndroidManifest.xml:25:9-51
51            <intent-filter>
51-->src/main/AndroidManifest.xml:26:9-29:25
52                <action android:name="android.intent.action.MAIN" />
52-->src/main/AndroidManifest.xml:27:13-65
52-->src/main/AndroidManifest.xml:27:21-62
53
54                <category android:name="android.intent.category.LAUNCHER" />
54-->src/main/AndroidManifest.xml:28:13-73
54-->src/main/AndroidManifest.xml:28:23-70
55            </intent-filter>
56        </activity>
57        <activity android:name="com.facebook.react.devsupport.DevSettingsActivity" />
57-->src/main/AndroidManifest.xml:31:7-84
57-->src/main/AndroidManifest.xml:31:17-81
58
59        <provider
59-->[:react-native-image-crop-picker] AndroidManifest.xml:13:9-21:20
60            android:name="androidx.core.content.FileProvider"
60-->[:react-native-image-crop-picker] AndroidManifest.xml:14:13-62
61            android:authorities="com.foodfinder.provider"
61-->[:react-native-image-crop-picker] AndroidManifest.xml:15:13-60
62            android:exported="false"
62-->[:react-native-image-crop-picker] AndroidManifest.xml:16:13-37
63            android:grantUriPermissions="true" >
63-->[:react-native-image-crop-picker] AndroidManifest.xml:17:13-47
64            <meta-data
64-->[:react-native-image-crop-picker] AndroidManifest.xml:18:13-20:58
65                android:name="android.support.FILE_PROVIDER_PATHS"
65-->[:react-native-image-crop-picker] AndroidManifest.xml:19:17-67
66                android:resource="@xml/provider_paths" />
66-->[:react-native-image-crop-picker] AndroidManifest.xml:20:17-55
67        </provider>
68
69        <activity
69-->[:react-native-image-crop-picker] AndroidManifest.xml:23:9-25:72
70            android:name="com.yalantis.ucrop.UCropActivity"
70-->[:react-native-image-crop-picker] AndroidManifest.xml:24:13-60
71            android:theme="@style/Theme.AppCompat.Light.NoActionBar" />
71-->[:react-native-image-crop-picker] AndroidManifest.xml:25:13-69
72
73        <provider
73-->[:react-native-share] AndroidManifest.xml:12:9-20:20
74            android:name="cl.json.RNShareFileProvider"
74-->[:react-native-share] AndroidManifest.xml:13:13-55
75            android:authorities="com.foodfinder.rnshare.fileprovider"
75-->[:react-native-share] AndroidManifest.xml:14:13-72
76            android:exported="false"
76-->[:react-native-share] AndroidManifest.xml:15:13-37
77            android:grantUriPermissions="true" >
77-->[:react-native-share] AndroidManifest.xml:16:13-47
78            <meta-data
78-->[:react-native-image-crop-picker] AndroidManifest.xml:18:13-20:58
79                android:name="android.support.FILE_PROVIDER_PATHS"
79-->[:react-native-image-crop-picker] AndroidManifest.xml:19:17-67
80                android:resource="@xml/share_download_paths" />
80-->[:react-native-image-crop-picker] AndroidManifest.xml:20:17-55
81        </provider> <!-- Needs to be explicitly declared on P+ -->
82        <uses-library
82-->[com.google.android.gms:play-services-maps:17.0.0] AndroidManifest.xml:33:9-35:40
83            android:name="org.apache.http.legacy"
83-->[com.google.android.gms:play-services-maps:17.0.0] AndroidManifest.xml:34:13-50
84            android:required="false" />
84-->[com.google.android.gms:play-services-maps:17.0.0] AndroidManifest.xml:35:13-37
85
86        <activity
86-->[com.google.android.gms:play-services-base:17.0.0] AndroidManifest.xml:23:9-26:75
87            android:name="com.google.android.gms.common.api.GoogleApiActivity"
87-->[com.google.android.gms:play-services-base:17.0.0] AndroidManifest.xml:24:13-79
88            android:exported="false"
88-->[com.google.android.gms:play-services-base:17.0.0] AndroidManifest.xml:25:13-37
89            android:theme="@android:style/Theme.Translucent.NoTitleBar" />
89-->[com.google.android.gms:play-services-base:17.0.0] AndroidManifest.xml:26:13-72
90
91        <meta-data
91-->[com.google.android.gms:play-services-basement:17.0.0] AndroidManifest.xml:23:9-25:69
92            android:name="com.google.android.gms.version"
92-->[com.google.android.gms:play-services-basement:17.0.0] AndroidManifest.xml:24:13-58
93            android:value="@integer/google_play_services_version" />
93-->[com.google.android.gms:play-services-basement:17.0.0] AndroidManifest.xml:25:13-66
94    </application>
95
96</manifest>